<?xml version="1.0" encoding="UTF-8"?>
<!-- Generated by org.testng.reporters.JUnitReportReporter -->
<testsuite hostname="LTCH-5CD847C3TH" name="org.Automation.Dbank" tests="1" failures="0" timestamp="10 Aug 2020 07:27:08 GMT" time="31.034" errors="0">
  <testcase name="f" time="31.034" classname="org.Automation.Dbank"/>
</testsuite> <!-- org.Automation.Dbank -->
