<?xml version="1.0" encoding="UTF-8"?>
<!-- Generated by org.testng.reporters.JUnitReportReporter -->
<testsuite hostname="LTCH-5CD847C3TH" name="org.Automation.sample" tests="1" failures="0" timestamp="4 Aug 2020 10:51:48 GMT" time="86.092" errors="0">
  <testcase name="f" time="86.092" classname="org.Automation.sample"/>
</testsuite> <!-- org.Automation.sample -->
