<?xml version="1.0" encoding="UTF-8"?>
<!-- Generated by org.testng.reporters.JUnitReportReporter -->
<testsuite hostname="LTCH-5CD847C3TH" name="org.Automation.NewTest" tests="1" failures="0" timestamp="13 Aug 2020 08:20:52 GMT" time="28.681" errors="0">
  <testcase name="f" time="28.681" classname="org.Automation.NewTest"/>
</testsuite> <!-- org.Automation.NewTest -->
